    OpenRGB v0.9
    Commit: b5f46e3f1de03595656c682fc2f068b66e735e63 from 2023-07-09 22:51:47 -0500
    Launched: 20240721_043143
====================================================================================================

1004  |Info:    Saving detector settings
1005  |Info:    ------------------------------------------------------
1005  |Info:    |               Start device detection               |
1005  |Info:    ------------------------------------------------------
1005  |Info:    Initializing HID interfaces: Success
1012  |Info:    ------------------------------------------------------
1012  |Info:    |             Detecting I2C interfaces               |
1012  |Info:    ------------------------------------------------------
1012  |Info:    Registering I2C interface: /dev/i2c-3 Device 1002:747E Subsystem: 148C:2427
1012  |Warning: [i2c_smbus_linux] Failed to read i2c device PCI device ID
1012  |Info:    Registering I2C interface: /dev/i2c-10 Device 0000:0000 Subsystem: 0000:0000
1012  |Info:    Registering I2C interface: /dev/i2c-1 Device 1022:790B Subsystem: 1043:8877
1012  |Info:    Registering I2C interface: /dev/i2c-8 Device 1002:747E Subsystem: 148C:2427
1012  |Warning: [i2c_smbus_linux] Failed to read i2c device PCI device ID
1012  |Info:    Registering I2C interface: /dev/i2c-15 Device 0000:0000 Subsystem: 0000:0000
1012  |Info:    Registering I2C interface: /dev/i2c-6 Device 1002:747E Subsystem: 148C:2427
1013  |Info:    Registering I2C interface: /dev/i2c-13 Device 1002:164E Subsystem: 1043:8877
1013  |Info:    Registering I2C interface: /dev/i2c-4 Device 1002:747E Subsystem: 148C:2427
1013  |Warning: [i2c_smbus_linux] Failed to read i2c device PCI device ID
1013  |Info:    Registering I2C interface: /dev/i2c-11 Device 0000:0000 Subsystem: 0000:0000
1013  |Info:    Registering I2C interface: /dev/i2c-2 Device 1022:790B Subsystem: 1043:8877
1013  |Info:    Registering I2C interface: /dev/i2c-0 Device 1022:790B Subsystem: 1043:8877
1013  |Warning: [i2c_smbus_linux] Failed to read i2c device PCI device ID
1013  |Info:    Registering I2C interface: /dev/i2c-9 Device 0000:0000 Subsystem: 0000:0000
1013  |Warning: [i2c_smbus_linux] Failed to read i2c device PCI device ID
1013  |Info:    Registering I2C interface: /dev/i2c-16 Device 0000:0000 Subsystem: 0000:0000
1013  |Info:    Registering I2C interface: /dev/i2c-7 Device 1002:747E Subsystem: 148C:2427
1013  |Info:    Registering I2C interface: /dev/i2c-14 Device 1002:164E Subsystem: 1043:8877
1013  |Info:    Registering I2C interface: /dev/i2c-5 Device 1002:747E Subsystem: 148C:2427
1013  |Info:    Registering I2C interface: /dev/i2c-12 Device 1002:164E Subsystem: 1043:8877
1013  |Info:    ------------------------------------------------------
1013  |Info:    |               Detecting I2C devices                |
1013  |Info:    ------------------------------------------------------
2133  |Info:    [ENE DRAM] Registering RGB controller
2314  |Info:    [ENE DRAM] Registering RGB controller
2419  |Info:    ------------------------------------------------------
2419  |Info:    |               Detecting I2C PCI devices            |
2419  |Info:    ------------------------------------------------------
2419  |Info:    ------------------------------------------------------
2419  |Info:    |               Detecting HID devices                |
2419  |Info:    ------------------------------------------------------
2497  |Info:    [ASUS TUF GAMING B650M-E WIFI] Registering RGB controller
2497  |Info:    ------------------------------------------------------
2497  |Info:    |            Detecting libusb HID devices            |
2497  |Info:    ------------------------------------------------------
2497  |Info:    ------------------------------------------------------
2497  |Info:    |              Detecting other devices               |
2497  |Info:    ------------------------------------------------------
2505  |Info:    ------------------------------------------------------
2505  |Info:    |                Detection completed                 |
2505  |Info:    ------------------------------------------------------
